
   INFO  Server running on [http://127.0.0.1:8000].  

  Press Ctrl+C to stop the server


   INFO  Server running on [http://127.0.0.1:8000].  

  Press Ctrl+C to stop the server


   INFO  Server running on [http://127.0.0.1:8000].  

  Press Ctrl+C to stop the server


   INFO  Server running on [http://127.0.0.1:8000].  

  Press Ctrl+C to stop the server

  2024-07-06 04:10:00 ................................................... ~ 0s
  2024-07-06 04:10:00 /assets/css/style.css ............................. ~ 0s
  2024-07-06 04:10:00 /assets/js/base/script.js ......................... ~ 0s
  2024-07-06 04:10:00 /assets/js/base/datatable/datatableSettings.js .... ~ 0s
  2024-07-06 04:10:00 /assets/js/dashboard/admin/transactionManagement.js  ~ 0s
  2024-07-06 04:10:00 /assets/js/base/datatable/datatableInitializer.js . ~ 0s
  2024-07-06 04:10:00 ................................................... ~ 0s
  2024-07-06 04:10:00 /favicon.ico ...................................... ~ 0s
  2024-07-06 04:10:00 ................................................... ~ 0s
  2024-07-06 04:10:00 ................................................... ~ 0s
  2024-07-06 04:10:00 /assets/css/style.css ............................. ~ 0s
  2024-07-06 04:10:00 /assets/js/base/script.js ......................... ~ 0s
  2024-07-06 04:10:00 /assets/js/base/datatable/datatableSettings.js .... ~ 0s
  2024-07-06 04:10:00 /assets/js/dashboard/admin/walletManagement.js .... ~ 0s
  2024-07-06 04:10:00 /assets/js/base/datatable/datatableInitializer.js . ~ 0s
  2024-07-06 04:10:00 ................................................... ~ 0s
  2024-07-06 04:10:00 ................................................... ~ 0s
  2024-07-06 04:10:00 /favicon.ico ...................................... ~ 0s
  2024-07-06 04:14:41 /assets/css/style.css ............................. ~ 0s
  2024-07-06 04:14:41 /storage/9c720446-043a-410d-ab78-fe59cb985c15/Screenshot-from-2024-07-04-01-08-47.png  ~ 0s
  2024-07-06 04:14:41 /storage/9c720445-fc53-4d9e-a826-1944cd926b05/Screenshot-from-2024-07-05-05-57-21.png  ~ 0s
  2024-07-06 04:14:41 /assets/js/base/script.js ......................... ~ 0s
  2024-07-06 04:14:42 /favicon.ico ...................................... ~ 0s
  2024-07-06 04:14:42 ................................................... ~ 0s
  2024-07-06 04:14:42 ................................................... ~ 0s
  2024-07-06 04:14:42 /assets/css/style.css ............................. ~ 0s
  2024-07-06 04:14:42 /assets/js/base/script.js ......................... ~ 0s
  2024-07-06 04:14:42 /assets/img/login.png ............................. ~ 0s
  2024-07-06 04:14:43 /favicon.ico ...................................... ~ 0s
  2024-07-06 04:14:44 ................................................... ~ 0s
  2024-07-06 04:14:44 /assets/css/style.css ............................. ~ 0s
  2024-07-06 04:14:44 /assets/js/base/script.js ......................... ~ 0s
  2024-07-06 04:14:44 /assets/js/base/datatable/datatableSettings.js .... ~ 0s
  2024-07-06 04:14:44 /assets/js/dashboard/admin/userManagement.js ...... ~ 0s
  2024-07-06 04:14:44 /assets/js/base/datatable/datatableInitializer.js . ~ 0s
  2024-07-06 04:14:44 ................................................... ~ 0s
  2024-07-06 04:14:44 ................................................... ~ 0s
  2024-07-06 04:14:44 /favicon.ico ...................................... ~ 0s
  2024-07-06 04:14:50 ................................................... ~ 1s
  2024-07-06 04:14:51 ................................................... ~ 0s
  2024-07-06 04:14:51 /assets/css/style.css ............................. ~ 0s
  2024-07-06 04:14:51 /assets/js/base/script.js ......................... ~ 0s
  2024-07-06 04:14:51 /favicon.ico ...................................... ~ 0s
  2024-07-06 04:14:52 ................................................... ~ 0s
  2024-07-06 04:14:52 /assets/css/style.css ............................. ~ 0s
  2024-07-06 04:14:52 /assets/js/base/script.js ......................... ~ 0s
  2024-07-06 04:14:52 /favicon.ico ...................................... ~ 0s
  2024-07-06 04:14:52 ................................................... ~ 0s
  2024-07-06 04:14:52 /assets/css/style.css ............................. ~ 0s
  2024-07-06 04:14:52 /assets/js/base/script.js ......................... ~ 0s
  2024-07-06 04:14:53 /favicon.ico ...................................... ~ 0s
  2024-07-06 04:14:53 ................................................... ~ 0s
  2024-07-06 04:14:53 /assets/css/style.css ............................. ~ 0s
  2024-07-06 04:14:53 /assets/js/base/script.js ......................... ~ 0s
  2024-07-06 04:14:53 /favicon.ico ...................................... ~ 0s
  2024-07-06 04:14:53 ................................................... ~ 0s
  2024-07-06 04:14:53 /assets/css/style.css ............................. ~ 0s
  2024-07-06 04:14:53 /assets/js/base/script.js ......................... ~ 0s
  2024-07-06 04:14:54 /favicon.ico ...................................... ~ 0s
  2024-07-06 04:14:54 ................................................... ~ 0s
  2024-07-06 04:14:54 /assets/css/style.css ............................. ~ 0s
  2024-07-06 04:14:54 /assets/js/base/script.js ......................... ~ 0s
  2024-07-06 04:14:54 /favicon.ico ...................................... ~ 0s
  2024-07-06 04:14:54 ................................................... ~ 0s
  2024-07-06 04:14:54 /assets/css/style.css ............................. ~ 0s
  2024-07-06 04:14:54 /assets/js/base/script.js ......................... ~ 0s
  2024-07-06 04:14:55 /favicon.ico ...................................... ~ 0s
  2024-07-06 04:14:55 ................................................... ~ 0s
  2024-07-06 04:14:55 /assets/css/style.css ............................. ~ 0s
  2024-07-06 04:14:55 /assets/js/base/script.js ......................... ~ 0s
  2024-07-06 04:14:55 /favicon.ico ...................................... ~ 0s
  2024-07-06 04:20:04 ................................................... ~ 0s
  2024-07-06 04:20:04 /assets/css/style.css ............................. ~ 0s
  2024-07-06 04:20:04 /assets/js/base/script.js ......................... ~ 0s
  2024-07-06 04:20:04 /assets/js/base/datatable/datatableSettings.js .... ~ 0s
  2024-07-06 04:20:04 /assets/js/dashboard/user/my_wallet/my_wallet.js .. ~ 0s
  2024-07-06 04:20:04 /assets/js/base/datatable/datatableInitializer.js . ~ 0s
  2024-07-06 04:20:04 ................................................... ~ 0s
  2024-07-06 04:20:04 /favicon.ico ...................................... ~ 0s
  2024-07-06 04:20:04 ................................................... ~ 0s
  2024-07-06 04:20:06 ................................................... ~ 0s
  2024-07-06 04:20:06 /assets/css/style.css ............................. ~ 0s
  2024-07-06 04:20:06 /assets/js/base/script.js ......................... ~ 0s
  2024-07-06 04:20:06 /favicon.ico ...................................... ~ 0s
  2024-07-06 04:20:13 ................................................... ~ 0s
  2024-07-06 04:20:13 ................................................... ~ 0s
  2024-07-06 04:20:14 ................................................... ~ 0s
  2024-07-06 04:20:14 ................................................... ~ 0s
  2024-07-06 04:20:14 ................................................... ~ 0s
  2024-07-06 04:20:14 /assets/css/style.css ............................. ~ 0s
  2024-07-06 04:20:14 /assets/js/base/script.js ......................... ~ 0s
  2024-07-06 04:20:14 /assets/js/base/datatable/datatableSettings.js .... ~ 0s
  2024-07-06 04:20:14 /assets/js/dashboard/user/my_wallet/my_wallet.js .. ~ 0s
  2024-07-06 04:20:14 /assets/js/base/datatable/datatableInitializer.js . ~ 0s
  2024-07-06 04:20:15 ................................................... ~ 0s
  2024-07-06 04:20:15 /favicon.ico ...................................... ~ 0s
  2024-07-06 04:20:15 ................................................... ~ 0s
  2024-07-06 04:20:17 ................................................... ~ 0s
  2024-07-06 04:20:17 /assets/css/style.css ............................. ~ 0s
  2024-07-06 04:20:17 /assets/js/base/script.js ......................... ~ 0s
  2024-07-06 04:20:17 /assets/js/base/datatable/datatableSettings.js .... ~ 0s
  2024-07-06 04:20:17 /assets/js/dashboard/admin/walletManagement.js .... ~ 0s
  2024-07-06 04:20:17 /assets/js/base/datatable/datatableInitializer.js . ~ 0s
  2024-07-06 04:20:17 ................................................... ~ 0s
  2024-07-06 04:20:17 /favicon.ico ...................................... ~ 0s
  2024-07-06 04:20:17 ................................................... ~ 0s
  2024-07-06 04:20:21 ................................................... ~ 0s
  2024-07-06 04:20:21 ................................................... ~ 0s
  2024-07-06 04:20:31 ................................................... ~ 0s
  2024-07-06 04:20:31 ................................................... ~ 0s
  2024-07-06 04:20:31 ................................................... ~ 0s
  2024-07-06 04:20:31 ................................................... ~ 0s
  2024-07-06 04:20:33 ................................................... ~ 0s
  2024-07-06 04:20:34 /assets/css/style.css ............................. ~ 0s
  2024-07-06 04:20:34 /assets/js/base/script.js ......................... ~ 0s
  2024-07-06 04:20:34 /assets/js/base/datatable/datatableSettings.js .... ~ 0s
  2024-07-06 04:20:34 /assets/js/dashboard/user/my_wallet/my_wallet.js .. ~ 0s
  2024-07-06 04:20:34 /assets/js/base/datatable/datatableInitializer.js . ~ 0s
  2024-07-06 04:20:34 ................................................... ~ 0s
  2024-07-06 04:20:34 /favicon.ico ...................................... ~ 0s
  2024-07-06 04:20:34 ................................................... ~ 0s
  2024-07-06 04:20:42 ................................................... ~ 0s
  2024-07-06 04:20:42 /assets/css/style.css ............................. ~ 0s
  2024-07-06 04:20:42 /assets/js/base/script.js ......................... ~ 0s
  2024-07-06 04:20:42 /assets/js/base/datatable/datatableSettings.js .... ~ 0s
  2024-07-06 04:20:42 /assets/js/dashboard/admin/walletManagement.js .... ~ 0s
  2024-07-06 04:20:42 /assets/js/base/datatable/datatableInitializer.js . ~ 0s
  2024-07-06 04:20:42 ................................................... ~ 0s
  2024-07-06 04:20:42 ................................................... ~ 0s
  2024-07-06 04:20:42 /favicon.ico ...................................... ~ 0s
  2024-07-06 04:20:44 ................................................... ~ 0s
  2024-07-06 04:20:44 ................................................... ~ 0s
  2024-07-06 04:21:05 ................................................... ~ 0s
  2024-07-06 04:21:05 /assets/css/style.css ............................. ~ 0s
  2024-07-06 04:21:05 /assets/js/base/script.js ......................... ~ 0s
  2024-07-06 04:21:05 /assets/js/base/datatable/datatableSettings.js .... ~ 0s
  2024-07-06 04:21:05 /assets/js/dashboard/user/my_wallet/my_wallet.js .. ~ 0s
  2024-07-06 04:21:05 /assets/js/base/datatable/datatableInitializer.js . ~ 0s
  2024-07-06 04:21:05 ................................................... ~ 0s
  2024-07-06 04:21:05 /favicon.ico ...................................... ~ 0s
  2024-07-06 04:21:05 ................................................... ~ 0s
  2024-07-06 04:21:35 ................................................... ~ 0s
  2024-07-06 04:21:35 /assets/css/style.css ............................. ~ 0s
  2024-07-06 04:21:35 /assets/js/base/script.js ......................... ~ 0s
  2024-07-06 04:21:35 /assets/js/base/datatable/datatableSettings.js .... ~ 0s
  2024-07-06 04:21:35 /assets/js/dashboard/user/my_wallet/my_wallet.js .. ~ 0s
  2024-07-06 04:21:35 /assets/js/base/datatable/datatableInitializer.js . ~ 0s
  2024-07-06 04:21:36 ................................................... ~ 0s
  2024-07-06 04:21:36 /favicon.ico ...................................... ~ 0s
  2024-07-06 04:21:36 ................................................... ~ 0s
  2024-07-06 04:21:43 ................................................... ~ 0s
  2024-07-06 04:21:43 /assets/css/style.css ............................. ~ 0s
  2024-07-06 04:21:43 /assets/js/base/script.js ......................... ~ 0s
  2024-07-06 04:21:43 /assets/js/base/datatable/datatableSettings.js .... ~ 0s
  2024-07-06 04:21:43 /assets/js/dashboard/user/my_wallet/my_wallet.js .. ~ 0s
  2024-07-06 04:21:43 /assets/js/base/datatable/datatableInitializer.js . ~ 0s
  2024-07-06 04:21:43 ................................................... ~ 0s
  2024-07-06 04:21:43 /favicon.ico ...................................... ~ 0s
  2024-07-06 04:21:43 ................................................... ~ 0s
  2024-07-06 04:21:53 ................................................... ~ 0s
  2024-07-06 04:21:53 /assets/css/style.css ............................. ~ 0s
  2024-07-06 04:21:53 /assets/js/base/script.js ......................... ~ 0s
  2024-07-06 04:21:53 /assets/js/base/datatable/datatableSettings.js .... ~ 0s
  2024-07-06 04:21:53 /assets/js/dashboard/user/my_wallet/my_wallet.js .. ~ 0s
  2024-07-06 04:21:53 /assets/js/base/datatable/datatableInitializer.js . ~ 0s
  2024-07-06 04:21:54 ................................................... ~ 0s
  2024-07-06 04:21:54 /favicon.ico ...................................... ~ 0s
  2024-07-06 04:21:54 ................................................... ~ 0s
  2024-07-06 04:22:07 ................................................... ~ 0s
  2024-07-06 04:22:07 /assets/css/style.css ............................. ~ 0s
  2024-07-06 04:22:07 /assets/js/base/script.js ......................... ~ 0s
  2024-07-06 04:22:07 /assets/js/base/datatable/datatableSettings.js .... ~ 0s
  2024-07-06 04:22:07 /assets/js/dashboard/user/my_wallet/my_wallet.js .. ~ 0s
  2024-07-06 04:22:07 /assets/js/base/datatable/datatableInitializer.js . ~ 0s
  2024-07-06 04:22:07 ................................................... ~ 0s
  2024-07-06 04:22:07 /assets/css/style.css ............................. ~ 0s
  2024-07-06 04:22:07 /assets/js/base/script.js ......................... ~ 0s
  2024-07-06 04:22:07 /assets/js/base/datatable/datatableSettings.js .... ~ 0s
  2024-07-06 04:22:07 /assets/js/dashboard/user/my_wallet/my_wallet.js .. ~ 0s
  2024-07-06 04:22:07 /assets/js/base/datatable/datatableInitializer.js . ~ 0s
  2024-07-06 04:22:07 ................................................... ~ 0s
  2024-07-06 04:22:07 /favicon.ico ...................................... ~ 0s
  2024-07-06 04:22:07 ................................................... ~ 0s
  2024-07-06 04:22:15 ................................................... ~ 0s
  2024-07-06 04:22:15 /assets/css/style.css ............................. ~ 0s
  2024-07-06 04:22:15 /assets/js/base/script.js ......................... ~ 0s
  2024-07-06 04:22:15 /assets/js/base/datatable/datatableSettings.js .... ~ 0s
  2024-07-06 04:22:15 /assets/js/dashboard/admin/walletManagement.js .... ~ 0s
  2024-07-06 04:22:15 /assets/js/base/datatable/datatableInitializer.js . ~ 0s
  2024-07-06 04:22:15 ................................................... ~ 0s
  2024-07-06 04:22:15 /favicon.ico ...................................... ~ 0s
  2024-07-06 04:22:15 ................................................... ~ 0s
  2024-07-06 04:22:19 ................................................... ~ 0s
  2024-07-06 04:22:19 ................................................... ~ 0s
  2024-07-06 04:22:19 ................................................... ~ 0s
  2024-07-06 04:22:19 ................................................... ~ 0s
  2024-07-06 04:22:22 ................................................... ~ 0s
  2024-07-06 04:22:22 /assets/css/style.css ............................. ~ 0s
  2024-07-06 04:22:22 /assets/js/base/script.js ......................... ~ 0s
  2024-07-06 04:22:22 /assets/js/base/datatable/datatableSettings.js .... ~ 0s
  2024-07-06 04:22:22 /assets/js/dashboard/admin/walletManagement.js .... ~ 0s
  2024-07-06 04:22:22 /assets/js/base/datatable/datatableInitializer.js . ~ 0s
  2024-07-06 04:22:22 ................................................... ~ 0s
  2024-07-06 04:22:22 ................................................... ~ 0s
  2024-07-06 04:22:22 /favicon.ico ...................................... ~ 0s
  2024-07-06 04:22:24 ................................................... ~ 0s
  2024-07-06 04:22:24 /assets/css/style.css ............................. ~ 0s
  2024-07-06 04:22:24 /assets/js/base/script.js ......................... ~ 0s
  2024-07-06 04:22:24 /assets/js/base/datatable/datatableSettings.js .... ~ 0s
  2024-07-06 04:22:24 /assets/js/dashboard/user/my_wallet/my_wallet.js .. ~ 0s
  2024-07-06 04:22:24 /assets/js/base/datatable/datatableInitializer.js . ~ 0s
  2024-07-06 04:22:24 ................................................... ~ 0s
  2024-07-06 04:22:24 /favicon.ico ...................................... ~ 0s
  2024-07-06 04:22:24 ................................................... ~ 0s
  2024-07-06 04:25:14 ................................................... ~ 0s
  2024-07-06 04:25:14 /assets/css/style.css ............................. ~ 0s
  2024-07-06 04:25:14 /assets/js/base/script.js ......................... ~ 0s
  2024-07-06 04:25:14 /favicon.ico ...................................... ~ 0s
  2024-07-06 04:25:17 ................................................... ~ 0s
  2024-07-06 04:25:17 ................................................... ~ 0s
  2024-07-06 04:25:19 ................................................... ~ 0s
  2024-07-06 04:25:19 ................................................... ~ 0s
  2024-07-06 04:25:19 ................................................... ~ 0s
  2024-07-06 04:25:19 /assets/css/style.css ............................. ~ 0s
  2024-07-06 04:25:19 /assets/js/base/script.js ......................... ~ 0s
  2024-07-06 04:25:19 /assets/js/base/datatable/datatableSettings.js .... ~ 0s
  2024-07-06 04:25:19 /assets/js/dashboard/user/my_wallet/my_wallet.js .. ~ 0s
  2024-07-06 04:25:19 /assets/js/base/datatable/datatableInitializer.js . ~ 0s
  2024-07-06 04:25:19 ................................................... ~ 0s
  2024-07-06 04:25:19 /favicon.ico ...................................... ~ 0s
  2024-07-06 04:25:19 ................................................... ~ 0s
  2024-07-06 04:25:22 ................................................... ~ 0s
  2024-07-06 04:25:22 ................................................... ~ 0s
  2024-07-06 04:25:27 ................................................... ~ 0s
  2024-07-06 04:25:27 ................................................... ~ 0s
  2024-07-06 04:25:27 ................................................... ~ 0s
  2024-07-06 04:25:27 ................................................... ~ 0s
  2024-07-06 04:25:30 ................................................... ~ 0s
  2024-07-06 04:25:30 /assets/css/style.css ............................. ~ 0s
  2024-07-06 04:25:30 /assets/js/base/script.js ......................... ~ 0s
  2024-07-06 04:25:30 /assets/js/base/datatable/datatableSettings.js .... ~ 0s
  2024-07-06 04:25:30 /assets/js/dashboard/admin/walletManagement.js .... ~ 0s
  2024-07-06 04:25:30 /assets/js/base/datatable/datatableInitializer.js . ~ 0s
  2024-07-06 04:25:30 ................................................... ~ 0s
  2024-07-06 04:25:30 /favicon.ico ...................................... ~ 0s
  2024-07-06 04:25:30 ................................................... ~ 0s
  2024-07-06 04:25:32 ................................................... ~ 0s
  2024-07-06 04:25:32 ................................................... ~ 0s
  2024-07-06 04:25:32 ................................................... ~ 0s
  2024-07-06 04:25:32 ................................................... ~ 0s
  2024-07-06 04:25:34 ................................................... ~ 0s
  2024-07-06 04:25:35 /assets/css/style.css ............................. ~ 0s
  2024-07-06 04:25:35 /assets/js/base/script.js ......................... ~ 0s
  2024-07-06 04:25:35 /assets/js/base/datatable/datatableSettings.js .... ~ 0s
  2024-07-06 04:25:35 /assets/js/dashboard/user/my_wallet/my_wallet.js .. ~ 0s
  2024-07-06 04:25:35 /assets/js/base/datatable/datatableInitializer.js . ~ 0s
  2024-07-06 04:25:35 ................................................... ~ 0s
  2024-07-06 04:25:35 /favicon.ico ...................................... ~ 0s
  2024-07-06 04:25:35 ................................................... ~ 0s
